<?xml version="1.0" encoding="UTF-8"?>
<!-- Generated by org.testng.reporters.JUnitReportReporter -->
<testsuite hostname="DESKTOP-B9VFP22" failures="0" tests="1" name="user.DeleteUser" time="0.015" errors="0" timestamp="2021-02-06T22:43:28 IST" skipped="0">
  <testcase classname="user.DeleteUser" name="deleteUser" time="0.015"/>
  <system-out/>
</testsuite> <!-- user.DeleteUser -->
